0 info it worked if it ends with ok
1 verbose cli [ 'node', '/usr/local/bin/npm', 'install', 'jade', '--save' ]
2 info using npm@2.14.4
3 info using node@v0.10.40
4 verbose node symlink /usr/local/bin/node
5 verbose install initial load of /Users/IceTerr/Desktop/NodeAssignment1/package.json
6 verbose installManyTop reading scoped package data from /Users/IceTerr/Desktop/NodeAssignment1/node_modules/express/package.json
7 verbose readDependencies loading dependencies from /Users/IceTerr/Desktop/NodeAssignment1/package.json
8 silly cache add args [ 'jade', null ]
9 verbose cache add spec jade
10 silly cache add parsed spec { raw: 'jade',
10 silly cache add   scope: null,
10 silly cache add   name: 'jade',
10 silly cache add   rawSpec: '',
10 silly cache add   spec: '*',
10 silly cache add   type: 'range' }
11 silly addNamed jade@*
12 verbose addNamed "*" is a valid semver range for jade
13 silly addNameRange { name: 'jade', range: '*', hasData: false }
14 silly mapToRegistry name jade
15 silly mapToRegistry using default registry
16 silly mapToRegistry registry http://sinopia.pvt.nectarom.com/
17 silly mapToRegistry uri http://sinopia.pvt.nectarom.com/jade
18 verbose addNameRange registry:http://sinopia.pvt.nectarom.com/jade not in flight; fetching
19 verbose request uri http://sinopia.pvt.nectarom.com/jade
20 verbose request no auth needed
21 info attempt registry request try #1 at 00:31:21
22 verbose request id 2a59e4db48ad1bea
23 http request GET http://sinopia.pvt.nectarom.com/jade
24 info retry will retry, error on last attempt: Error: getaddrinfo ENOTFOUND
25 info attempt registry request try #2 at 00:31:32
26 http request GET http://sinopia.pvt.nectarom.com/jade
27 info retry will retry, error on last attempt: Error: getaddrinfo ENOTFOUND
28 info attempt registry request try #3 at 00:32:32
29 http request GET http://sinopia.pvt.nectarom.com/jade
30 verbose stack Error: getaddrinfo ENOTFOUND
30 verbose stack     at errnoException (dns.js:37:11)
30 verbose stack     at Object.onanswer [as oncomplete] (dns.js:124:16)
31 verbose cwd /Users/IceTerr/Desktop/NodeAssignment1
32 error Darwin 14.5.0
33 error argv "node" "/usr/local/bin/npm" "install" "jade" "--save"
34 error node v0.10.40
35 error npm  v2.14.4
36 error code ENOTFOUND
37 error errno ENOTFOUND
38 error syscall getaddrinfo
39 error network getaddrinfo ENOTFOUND
39 error network This is most likely not a problem with npm itself
39 error network and is related to network connectivity.
39 error network In most cases you are behind a proxy or have bad network settings.
39 error network
39 error network If you are behind a proxy, please make sure that the
39 error network 'proxy' config is set properly.  See: 'npm help config'
40 verbose exit [ 1, true ]
